<?xml version="1.0" encoding="UTF-8"?>
<!-- Generated by org.testng.reporters.JUnitXMLReporter -->
<testsuite hostname="lhv-ec2-dev81" name="Default test" tests="4" failures="2" timestamp="14 Dec 2015 10:55:59 GMT" time="20.764" errors="0">
  <testcase name="checkInvalidLayoutInDesktopMode" time="0.697" classname="galen.galen_framework_test.LoginPageLayoutTest">
    <failure type="java.lang.RuntimeException" message="Incorrect layout: Check layout /specs/loginPageGdcError.spec">
      <![CDATA[java.lang.RuntimeException: Incorrect layout: Check layout /specs/loginPageGdcError.spec
	at com.galenframework.GalenJavaTestBase.checkLayout(GalenJavaTestBase.java:123)
	at com.galenframework.GalenJavaTestBase.checkLayout(GalenJavaTestBase.java:105)
	at galen.galen_framework_test.LoginPageLayoutTest.checkInvalidLayoutInDesktopMode(LoginPageLayoutTest.java:38)
	at sun.reflect.NativeMethodAccessorImpl.invoke0(Native Method)
	at sun.reflect.NativeMethodAccessorImpl.invoke(Unknown Source)
	at sun.reflect.DelegatingMethodAccessorImpl.invoke(Unknown Source)
	at java.lang.reflect.Method.invoke(Unknown Source)
	at org.testng.internal.MethodInvocationHelper.invokeMethod(MethodInvocationHelper.java:85)
	at org.testng.internal.Invoker.invokeMethod(Invoker.java:639)
	at org.testng.internal.Invoker.invokeTestMethod(Invoker.java:816)
	at org.testng.internal.Invoker.invokeTestMethods(Invoker.java:1124)
	at org.testng.internal.TestMethodWorker.invokeTestMethods(TestMethodWorker.java:125)
	at org.testng.internal.TestMethodWorker.run(TestMethodWorker.java:108)
	at org.testng.TestRunner.privateRun(TestRunner.java:774)
	at org.testng.TestRunner.run(TestRunner.java:624)
	at org.testng.SuiteRunner.runTest(SuiteRunner.java:359)
	at org.testng.SuiteRunner.runSequentially(SuiteRunner.java:354)
	at org.testng.SuiteRunner.privateRun(SuiteRunner.java:312)
	at org.testng.SuiteRunner.run(SuiteRunner.java:261)
	at org.testng.SuiteRunnerWorker.runSuite(SuiteRunnerWorker.java:52)
	at org.testng.SuiteRunnerWorker.run(SuiteRunnerWorker.java:86)
	at org.testng.TestNG.runSuitesSequentially(TestNG.java:1215)
	at org.testng.TestNG.runSuitesLocally(TestNG.java:1140)
	at org.testng.TestNG.run(TestNG.java:1048)
	at org.testng.remote.RemoteTestNG.run(RemoteTestNG.java:112)
	at org.testng.remote.RemoteTestNG.initAndRun(RemoteTestNG.java:205)
	at org.testng.remote.RemoteTestNG.main(RemoteTestNG.java:176)
]]>
    </failure>
  </testcase> <!-- checkInvalidLayoutInDesktopMode -->
  <testcase name="checkInvalidLayoutInMobileMode" time="0.361" classname="galen.galen_framework_test.LoginPageLayoutTest">
    <failure type="java.lang.RuntimeException" message="Incorrect layout: Check layout /specs/loginPageGdcError.spec">
      <![CDATA[java.lang.RuntimeException: Incorrect layout: Check layout /specs/loginPageGdcError.spec
	at com.galenframework.GalenJavaTestBase.checkLayout(GalenJavaTestBase.java:123)
	at com.galenframework.GalenJavaTestBase.checkLayout(GalenJavaTestBase.java:105)
	at galen.galen_framework_test.LoginPageLayoutTest.checkInvalidLayoutInMobileMode(LoginPageLayoutTest.java:47)
	at sun.reflect.NativeMethodAccessorImpl.invoke0(Native Method)
	at sun.reflect.NativeMethodAccessorImpl.invoke(Unknown Source)
	at sun.reflect.DelegatingMethodAccessorImpl.invoke(Unknown Source)
	at java.lang.reflect.Method.invoke(Unknown Source)
	at org.testng.internal.MethodInvocationHelper.invokeMethod(MethodInvocationHelper.java:85)
	at org.testng.internal.Invoker.invokeMethod(Invoker.java:639)
	at org.testng.internal.Invoker.invokeTestMethod(Invoker.java:816)
	at org.testng.internal.Invoker.invokeTestMethods(Invoker.java:1124)
	at org.testng.internal.TestMethodWorker.invokeTestMethods(TestMethodWorker.java:125)
	at org.testng.internal.TestMethodWorker.run(TestMethodWorker.java:108)
	at org.testng.TestRunner.privateRun(TestRunner.java:774)
	at org.testng.TestRunner.run(TestRunner.java:624)
	at org.testng.SuiteRunner.runTest(SuiteRunner.java:359)
	at org.testng.SuiteRunner.runSequentially(SuiteRunner.java:354)
	at org.testng.SuiteRunner.privateRun(SuiteRunner.java:312)
	at org.testng.SuiteRunner.run(SuiteRunner.java:261)
	at org.testng.SuiteRunnerWorker.runSuite(SuiteRunnerWorker.java:52)
	at org.testng.SuiteRunnerWorker.run(SuiteRunnerWorker.java:86)
	at org.testng.TestNG.runSuitesSequentially(TestNG.java:1215)
	at org.testng.TestNG.runSuitesLocally(TestNG.java:1140)
	at org.testng.TestNG.run(TestNG.java:1048)
	at org.testng.remote.RemoteTestNG.run(RemoteTestNG.java:112)
	at org.testng.remote.RemoteTestNG.initAndRun(RemoteTestNG.java:205)
	at org.testng.remote.RemoteTestNG.main(RemoteTestNG.java:176)
]]>
    </failure>
  </testcase> <!-- checkInvalidLayoutInMobileMode -->
  <testcase name="checkValidLayoutInDesktopMode" time="0.41" classname="galen.galen_framework_test.LoginPageLayoutTest"/>
  <testcase name="checkValidLayoutInMobileMode" time="0.356" classname="galen.galen_framework_test.LoginPageLayoutTest"/>
</testsuite> <!-- Default test -->
