<?xml version="1.0" encoding="UTF-8"?>
<testng-results skipped="0" failed="2" total="4" passed="2">
  <reporter-output>
  </reporter-output>
  <suite name="Default suite" duration-ms="20764" started-at="2015-12-14T10:55:38Z" finished-at="2015-12-14T10:55:59Z">
    <groups>
    </groups>
    <test name="Default test" duration-ms="20764" started-at="2015-12-14T10:55:38Z" finished-at="2015-12-14T10:55:59Z">
      <class name="galen.galen_framework_test.LoginPageLayoutTest">
        <test-method status="PASS" signature="initDriver([Ljava.lang.Object;)[pri:0, instance:galen.galen_framework_test.LoginPageLayoutTest@dfd3711]" name="initDriver" is-config="true" duration-ms="4141" started-at="2015-12-14T17:55:38Z" finished-at="2015-12-14T17:55:43Z">
          <params>
            <param index="0">
              <value is-null="true"/>
            </param>
          </params>
          <reporter-output>
          </reporter-output>
        </test-method> <!-- initDriver -->
        <test-method status="PASS" signature="getDriverWait()[pri:0, instance:galen.galen_framework_test.LoginPageLayoutTest@dfd3711]" name="getDriverWait" is-config="true" duration-ms="2" depends-on-groups="init" started-at="2015-12-14T17:55:43Z" finished-at="2015-12-14T17:55:43Z">
          <reporter-output>
          </reporter-output>
        </test-method> <!-- getDriverWait -->
        <test-method status="PASS" signature="initReport(java.lang.reflect.Method)[pri:0, instance:galen.galen_framework_test.LoginPageLayoutTest@dfd3711]" name="initReport" is-config="true" duration-ms="3" started-at="2015-12-14T17:55:43Z" finished-at="2015-12-14T17:55:43Z">
          <params>
            <param index="0">
              <value>
                <![CDATA[public void galen.galen_framework_test.LoginPageLayoutTest.checkInvalidLayoutInDesktopMode() throws java.io.IOException]]>
              </value>
            </param>
          </params>
          <reporter-output>
          </reporter-output>
        </test-method> <!-- initReport -->
        <test-method status="PASS" signature="prepareForTest()[pri:0, instance:galen.galen_framework_test.LoginPageLayoutTest@dfd3711]" name="prepareForTest" is-config="true" duration-ms="6871" started-at="2015-12-14T17:55:43Z" finished-at="2015-12-14T17:55:49Z">
          <reporter-output>
          </reporter-output>
        </test-method> <!-- prepareForTest -->
        <test-method status="FAIL" signature="checkInvalidLayoutInDesktopMode()[pri:0, instance:galen.galen_framework_test.LoginPageLayoutTest@dfd3711]" name="checkInvalidLayoutInDesktopMode" duration-ms="697" started-at="2015-12-14T17:55:49Z" finished-at="2015-12-14T17:55:50Z">
          <exception class="java.lang.RuntimeException">
            <message>
              <![CDATA[Incorrect layout: Check layout /specs/loginPageGdcError.spec]]>
            </message>
            <full-stacktrace>
              <![CDATA[java.lang.RuntimeException: Incorrect layout: Check layout /specs/loginPageGdcError.spec
	at com.galenframework.GalenJavaTestBase.checkLayout(GalenJavaTestBase.java:123)
	at com.galenframework.GalenJavaTestBase.checkLayout(GalenJavaTestBase.java:105)
	at galen.galen_framework_test.LoginPageLayoutTest.checkInvalidLayoutInDesktopMode(LoginPageLayoutTest.java:38)
	at sun.reflect.NativeMethodAccessorImpl.invoke0(Native Method)
	at sun.reflect.NativeMethodAccessorImpl.invoke(Unknown Source)
	at sun.reflect.DelegatingMethodAccessorImpl.invoke(Unknown Source)
	at java.lang.reflect.Method.invoke(Unknown Source)
	at org.testng.internal.MethodInvocationHelper.invokeMethod(MethodInvocationHelper.java:85)
	at org.testng.internal.Invoker.invokeMethod(Invoker.java:639)
	at org.testng.internal.Invoker.invokeTestMethod(Invoker.java:816)
	at org.testng.internal.Invoker.invokeTestMethods(Invoker.java:1124)
	at org.testng.internal.TestMethodWorker.invokeTestMethods(TestMethodWorker.java:125)
	at org.testng.internal.TestMethodWorker.run(TestMethodWorker.java:108)
	at org.testng.TestRunner.privateRun(TestRunner.java:774)
	at org.testng.TestRunner.run(TestRunner.java:624)
	at org.testng.SuiteRunner.runTest(SuiteRunner.java:359)
	at org.testng.SuiteRunner.runSequentially(SuiteRunner.java:354)
	at org.testng.SuiteRunner.privateRun(SuiteRunner.java:312)
	at org.testng.SuiteRunner.run(SuiteRunner.java:261)
	at org.testng.SuiteRunnerWorker.runSuite(SuiteRunnerWorker.java:52)
	at org.testng.SuiteRunnerWorker.run(SuiteRunnerWorker.java:86)
	at org.testng.TestNG.runSuitesSequentially(TestNG.java:1215)
	at org.testng.TestNG.runSuitesLocally(TestNG.java:1140)
	at org.testng.TestNG.run(TestNG.java:1048)
	at org.testng.remote.RemoteTestNG.run(RemoteTestNG.java:112)
	at org.testng.remote.RemoteTestNG.initAndRun(RemoteTestNG.java:205)
	at org.testng.remote.RemoteTestNG.main(RemoteTestNG.java:176)
]]>
            </full-stacktrace>
          </exception> <!-- java.lang.RuntimeException -->
          <reporter-output>
          </reporter-output>
        </test-method> <!-- checkInvalidLayoutInDesktopMode -->
        <test-method status="PASS" signature="initReport(java.lang.reflect.Method)[pri:0, instance:galen.galen_framework_test.LoginPageLayoutTest@dfd3711]" name="initReport" is-config="true" duration-ms="1" started-at="2015-12-14T17:55:50Z" finished-at="2015-12-14T17:55:50Z">
          <params>
            <param index="0">
              <value>
                <![CDATA[public void galen.galen_framework_test.LoginPageLayoutTest.checkInvalidLayoutInMobileMode() throws java.io.IOException]]>
              </value>
            </param>
          </params>
          <reporter-output>
          </reporter-output>
        </test-method> <!-- initReport -->
        <test-method status="PASS" signature="prepareForTest()[pri:0, instance:galen.galen_framework_test.LoginPageLayoutTest@dfd3711]" name="prepareForTest" is-config="true" duration-ms="2722" started-at="2015-12-14T17:55:50Z" finished-at="2015-12-14T17:55:53Z">
          <reporter-output>
          </reporter-output>
        </test-method> <!-- prepareForTest -->
        <test-method status="FAIL" signature="checkInvalidLayoutInMobileMode()[pri:0, instance:galen.galen_framework_test.LoginPageLayoutTest@dfd3711]" name="checkInvalidLayoutInMobileMode" duration-ms="361" started-at="2015-12-14T17:55:53Z" finished-at="2015-12-14T17:55:53Z">
          <exception class="java.lang.RuntimeException">
            <message>
              <![CDATA[Incorrect layout: Check layout /specs/loginPageGdcError.spec]]>
            </message>
            <full-stacktrace>
              <![CDATA[java.lang.RuntimeException: Incorrect layout: Check layout /specs/loginPageGdcError.spec
	at com.galenframework.GalenJavaTestBase.checkLayout(GalenJavaTestBase.java:123)
	at com.galenframework.GalenJavaTestBase.checkLayout(GalenJavaTestBase.java:105)
	at galen.galen_framework_test.LoginPageLayoutTest.checkInvalidLayoutInMobileMode(LoginPageLayoutTest.java:47)
	at sun.reflect.NativeMethodAccessorImpl.invoke0(Native Method)
	at sun.reflect.NativeMethodAccessorImpl.invoke(Unknown Source)
	at sun.reflect.DelegatingMethodAccessorImpl.invoke(Unknown Source)
	at java.lang.reflect.Method.invoke(Unknown Source)
	at org.testng.internal.MethodInvocationHelper.invokeMethod(MethodInvocationHelper.java:85)
	at org.testng.internal.Invoker.invokeMethod(Invoker.java:639)
	at org.testng.internal.Invoker.invokeTestMethod(Invoker.java:816)
	at org.testng.internal.Invoker.invokeTestMethods(Invoker.java:1124)
	at org.testng.internal.TestMethodWorker.invokeTestMethods(TestMethodWorker.java:125)
	at org.testng.internal.TestMethodWorker.run(TestMethodWorker.java:108)
	at org.testng.TestRunner.privateRun(TestRunner.java:774)
	at org.testng.TestRunner.run(TestRunner.java:624)
	at org.testng.SuiteRunner.runTest(SuiteRunner.java:359)
	at org.testng.SuiteRunner.runSequentially(SuiteRunner.java:354)
	at org.testng.SuiteRunner.privateRun(SuiteRunner.java:312)
	at org.testng.SuiteRunner.run(SuiteRunner.java:261)
	at org.testng.SuiteRunnerWorker.runSuite(SuiteRunnerWorker.java:52)
	at org.testng.SuiteRunnerWorker.run(SuiteRunnerWorker.java:86)
	at org.testng.TestNG.runSuitesSequentially(TestNG.java:1215)
	at org.testng.TestNG.runSuitesLocally(TestNG.java:1140)
	at org.testng.TestNG.run(TestNG.java:1048)
	at org.testng.remote.RemoteTestNG.run(RemoteTestNG.java:112)
	at org.testng.remote.RemoteTestNG.initAndRun(RemoteTestNG.java:205)
	at org.testng.remote.RemoteTestNG.main(RemoteTestNG.java:176)
]]>
            </full-stacktrace>
          </exception> <!-- java.lang.RuntimeException -->
          <reporter-output>
          </reporter-output>
        </test-method> <!-- checkInvalidLayoutInMobileMode -->
        <test-method status="PASS" signature="initReport(java.lang.reflect.Method)[pri:0, instance:galen.galen_framework_test.LoginPageLayoutTest@dfd3711]" name="initReport" is-config="true" duration-ms="0" started-at="2015-12-14T17:55:53Z" finished-at="2015-12-14T17:55:53Z">
          <params>
            <param index="0">
              <value>
                <![CDATA[public void galen.galen_framework_test.LoginPageLayoutTest.checkValidLayoutInDesktopMode() throws java.io.IOException]]>
              </value>
            </param>
          </params>
          <reporter-output>
          </reporter-output>
        </test-method> <!-- initReport -->
        <test-method status="PASS" signature="prepareForTest()[pri:0, instance:galen.galen_framework_test.LoginPageLayoutTest@dfd3711]" name="prepareForTest" is-config="true" duration-ms="2403" started-at="2015-12-14T17:55:53Z" finished-at="2015-12-14T17:55:56Z">
          <reporter-output>
          </reporter-output>
        </test-method> <!-- prepareForTest -->
        <test-method status="PASS" signature="checkValidLayoutInDesktopMode()[pri:0, instance:galen.galen_framework_test.LoginPageLayoutTest@dfd3711]" name="checkValidLayoutInDesktopMode" duration-ms="410" started-at="2015-12-14T17:55:56Z" finished-at="2015-12-14T17:55:56Z">
          <reporter-output>
          </reporter-output>
        </test-method> <!-- checkValidLayoutInDesktopMode -->
        <test-method status="PASS" signature="prepareForTest()[pri:0, instance:galen.galen_framework_test.LoginPageLayoutTest@dfd3711]" name="prepareForTest" is-config="true" duration-ms="2573" started-at="2015-12-14T17:55:56Z" finished-at="2015-12-14T17:55:59Z">
          <reporter-output>
          </reporter-output>
        </test-method> <!-- prepareForTest -->
        <test-method status="PASS" signature="initReport(java.lang.reflect.Method)[pri:0, instance:galen.galen_framework_test.LoginPageLayoutTest@dfd3711]" name="initReport" is-config="true" duration-ms="0" started-at="2015-12-14T17:55:56Z" finished-at="2015-12-14T17:55:56Z">
          <params>
            <param index="0">
              <value>
                <![CDATA[public void galen.galen_framework_test.LoginPageLayoutTest.checkValidLayoutInMobileMode() throws java.io.IOException]]>
              </value>
            </param>
          </params>
          <reporter-output>
          </reporter-output>
        </test-method> <!-- initReport -->
        <test-method status="PASS" signature="checkValidLayoutInMobileMode()[pri:0, instance:galen.galen_framework_test.LoginPageLayoutTest@dfd3711]" name="checkValidLayoutInMobileMode" duration-ms="356" started-at="2015-12-14T17:55:59Z" finished-at="2015-12-14T17:55:59Z">
          <reporter-output>
          </reporter-output>
        </test-method> <!-- checkValidLayoutInMobileMode -->
        <test-method status="PASS" signature="tearDown()[pri:0, instance:galen.galen_framework_test.LoginPageLayoutTest@dfd3711]" name="tearDown" is-config="true" duration-ms="210" started-at="2015-12-14T17:55:59Z" finished-at="2015-12-14T17:55:59Z">
          <reporter-output>
          </reporter-output>
        </test-method> <!-- tearDown -->
      </class> <!-- galen.galen_framework_test.LoginPageLayoutTest -->
    </test> <!-- Default test -->
  </suite> <!-- Default suite -->
</testng-results>
